0 info it worked if it ends with ok
1 verbose cli [ 'D:\\Installs\\nodejs\\\\node.exe',
1 verbose cli   'D:\\Installs\\nodejs\\node_modules\\npm\\bin\\npm-cli.js',
1 verbose cli   'install',
1 verbose cli   '-g',
1 verbose cli   'ios-sim' ]
2 info using npm@2.7.4
3 info using node@v0.12.2
4 verbose node symlink D:\Installs\nodejs\\node.exe
5 silly cache add args [ 'ios-sim', null ]
6 verbose cache add spec ios-sim
7 silly cache add parsed spec { raw: 'ios-sim',
7 silly cache add   scope: null,
7 silly cache add   name: 'ios-sim',
7 silly cache add   rawSpec: '',
7 silly cache add   spec: '*',
7 silly cache add   type: 'range' }
8 verbose addNamed ios-sim@*
9 silly addNamed semver.valid null
10 silly addNamed semver.validRange *
11 silly addNameRange { name: 'ios-sim', range: '*', hasData: false }
12 silly mapToRegistry name ios-sim
13 silly mapToRegistry using default registry
14 silly mapToRegistry registry https://registry.npmjs.org/
15 silly mapToRegistry uri https://registry.npmjs.org/ios-sim
16 verbose addNameRange registry:https://registry.npmjs.org/ios-sim not in flight; fetching
17 verbose request uri https://registry.npmjs.org/ios-sim
18 verbose request no auth needed
19 info attempt registry request try #1 at 2:25:01 PM
20 verbose request id 9cfcdb2bc2a1cc92
21 verbose etag "1H76UOC6W9Z8XWWIXSB6N1P9A"
22 http request GET https://registry.npmjs.org/ios-sim
23 http 304 https://registry.npmjs.org/ios-sim
24 silly get cb [ 304,
24 silly get   { date: 'Thu, 04 Jun 2015 08:55:03 GMT',
24 silly get     via: '1.1 varnish',
24 silly get     'cache-control': 'max-age=60',
24 silly get     etag: '"1H76UOC6W9Z8XWWIXSB6N1P9A"',
24 silly get     age: '0',
24 silly get     connection: 'keep-alive',
24 silly get     'x-served-by': 'cache-sin6922-SIN',
24 silly get     'x-cache': 'HIT',
24 silly get     'x-cache-hits': '1',
24 silly get     'x-timer': 'S1433408103.941913,VS0,VE212',
24 silly get     vary: 'Accept' } ]
25 verbose etag https://registry.npmjs.org/ios-sim from cache
26 verbose get saving ios-sim to C:\Users\Prakash SV\AppData\Roaming\npm-cache\registry.npmjs.org\ios-sim\.cache.json
27 silly addNameRange number 2 { name: 'ios-sim', range: '*', hasData: true }
28 silly addNameRange versions [ 'ios-sim',
28 silly addNameRange   [ '1.8.0',
28 silly addNameRange     '1.8.1',
28 silly addNameRange     '1.8.2',
28 silly addNameRange     '1.9.0',
28 silly addNameRange     '2.0.0',
28 silly addNameRange     '2.0.1',
28 silly addNameRange     '3.0.0',
28 silly addNameRange     '3.1.0',
28 silly addNameRange     '3.1.1',
28 silly addNameRange     '4.1.0' ] ]
29 verbose addNamed ios-sim@3.1.1
30 silly addNamed semver.valid 3.1.1
31 silly addNamed semver.validRange 3.1.1
32 silly cache afterAdd ios-sim@3.1.1
33 verbose afterAdd C:\Users\Prakash SV\AppData\Roaming\npm-cache\ios-sim\3.1.1\package\package.json not in flight; writing
34 verbose afterAdd C:\Users\Prakash SV\AppData\Roaming\npm-cache\ios-sim\3.1.1\package\package.json written
35 silly install resolved [ { name: 'ios-sim',
35 silly install resolved     version: '3.1.1',
35 silly install resolved     description: 'launch iOS apps into the iOS Simulator from the command line (Xcode 6.0)',
35 silly install resolved     main: 'ios-sim',
35 silly install resolved     scripts: { preinstall: 'rake build' },
35 silly install resolved     bin: { 'ios-sim': 'build/Release/ios-sim' },
35 silly install resolved     repository: { type: 'git', url: 'https://github.com/phonegap/ios-sim' },
35 silly install resolved     keywords: [ 'ios-sim', 'iOS Simulator' ],
35 silly install resolved     author: { name: 'Landon Fuller, Jeff Haynie, Eloy Duran, Shazron Abdullah' },
35 silly install resolved     license: 'MIT',
35 silly install resolved     gitHead: 'c6ec64397e5fa462f1ea2d4e4fdc123a856618f9',
35 silly install resolved     bugs: { url: 'https://github.com/phonegap/ios-sim/issues' },
35 silly install resolved     homepage: 'https://github.com/phonegap/ios-sim',
35 silly install resolved     _id: 'ios-sim@3.1.1',
35 silly install resolved     _shasum: '1129c3fda31b917ef656b8c53fd276392b51c6e8',
35 silly install resolved     _from: 'ios-sim@*',
35 silly install resolved     _npmVersion: '1.4.14',
35 silly install resolved     _npmUser: { name: 'shazron', email: 'shazron@gmail.com' },
35 silly install resolved     maintainers: [ [Object] ],
35 silly install resolved     dist:
35 silly install resolved      { shasum: '1129c3fda31b917ef656b8c53fd276392b51c6e8',
35 silly install resolved        tarball: 'http://registry.npmjs.org/ios-sim/-/ios-sim-3.1.1.tgz' },
35 silly install resolved     directories: {},
35 silly install resolved     _resolved: 'https://registry.npmjs.org/ios-sim/-/ios-sim-3.1.1.tgz',
35 silly install resolved     readme: 'ERROR: No README data found!' } ]
36 info install ios-sim@3.1.1 into C:\Users\Prakash SV\AppData\Roaming\npm
37 info installOne ios-sim@3.1.1
38 verbose installOne of ios-sim to C:\Users\Prakash SV\AppData\Roaming\npm not in flight; installing
39 verbose lock using C:\Users\Prakash SV\AppData\Roaming\npm-cache\_locks\ios-sim-59af49b8f3ebd39b.lock for C:\Users\Prakash SV\AppData\Roaming\npm\node_modules\ios-sim
40 silly install write writing ios-sim 3.1.1 to C:\Users\Prakash SV\AppData\Roaming\npm\node_modules\ios-sim
41 silly cache addNamed cb ios-sim@3.1.1
42 verbose unbuild node_modules\ios-sim
43 silly gentlyRm C:\Users\Prakash SV\AppData\Roaming\npm\node_modules\ios-sim is being purged from base C:\Users\Prakash SV\AppData\Roaming\npm
44 verbose gentlyRm don't care about contents; nuking C:\Users\Prakash SV\AppData\Roaming\npm\node_modules\ios-sim
45 verbose tar unpack C:\Users\Prakash SV\AppData\Roaming\npm-cache\ios-sim\3.1.1\package.tgz
46 verbose tar unpacking to C:\Users\Prakash SV\AppData\Roaming\npm\node_modules\ios-sim
47 silly gentlyRm C:\Users\Prakash SV\AppData\Roaming\npm\node_modules\ios-sim is being purged
48 verbose gentlyRm don't care about contents; nuking C:\Users\Prakash SV\AppData\Roaming\npm\node_modules\ios-sim
49 silly gunzTarPerm modes [ '777', '666' ]
50 silly gunzTarPerm extractEntry package.json
51 silly gunzTarPerm modified mode [ 'package.json', 420, 438 ]
52 silly gunzTarPerm extractEntry .npmignore
53 silly gunzTarPerm modified mode [ '.npmignore', 420, 438 ]
54 silly gunzTarPerm extractEntry README.md
55 silly gunzTarPerm modified mode [ 'README.md', 420, 438 ]
56 silly gunzTarPerm extractEntry LICENSE
57 silly gunzTarPerm modified mode [ 'LICENSE', 420, 438 ]
58 silly gunzTarPerm extractEntry resources/buildbox/build.sh
59 silly gunzTarPerm modified mode [ 'resources/buildbox/build.sh', 493, 511 ]
60 silly gunzTarPerm extractEntry CoreSimulator/CoreSimulator.h
61 silly gunzTarPerm modified mode [ 'CoreSimulator/CoreSimulator.h', 420, 438 ]
62 silly gunzTarPerm extractEntry CONTRIBUTING.md
63 silly gunzTarPerm modified mode [ 'CONTRIBUTING.md', 420, 438 ]
64 silly gunzTarPerm extractEntry Rakefile
65 silly gunzTarPerm modified mode [ 'Rakefile', 420, 438 ]
66 silly gunzTarPerm extractEntry Source/.npmignore
67 silly gunzTarPerm modified mode [ 'Source/.npmignore', 420, 438 ]
68 silly gunzTarPerm extractEntry Source/NSString+expandPath.h
69 silly gunzTarPerm modified mode [ 'Source/NSString+expandPath.h', 420, 438 ]
70 silly gunzTarPerm extractEntry Source/NSString+expandPath.m
71 silly gunzTarPerm modified mode [ 'Source/NSString+expandPath.m', 420, 438 ]
72 silly gunzTarPerm extractEntry Source/iPhoneSimulator.h
73 silly gunzTarPerm modified mode [ 'Source/iPhoneSimulator.h', 420, 438 ]
74 silly gunzTarPerm extractEntry Source/iPhoneSimulator.m
75 silly gunzTarPerm modified mode [ 'Source/iPhoneSimulator.m', 493, 511 ]
76 silly gunzTarPerm extractEntry Source/main.m
77 silly gunzTarPerm modified mode [ 'Source/main.m', 420, 438 ]
78 silly gunzTarPerm extractEntry Source/nsprintf.h
79 silly gunzTarPerm modified mode [ 'Source/nsprintf.h', 420, 438 ]
80 silly gunzTarPerm extractEntry Source/nsprintf.m
81 silly gunzTarPerm modified mode [ 'Source/nsprintf.m', 420, 438 ]
82 silly gunzTarPerm extractEntry Source/version.h
83 silly gunzTarPerm modified mode [ 'Source/version.h', 420, 438 ]
84 silly gunzTarPerm extractEntry ios-sim.xcodeproj/.npmignore
85 silly gunzTarPerm modified mode [ 'ios-sim.xcodeproj/.npmignore', 420, 438 ]
86 silly gunzTarPerm extractEntry ios-sim.xcodeproj/project.pbxproj
87 silly gunzTarPerm modified mode [ 'ios-sim.xcodeproj/project.pbxproj', 420, 438 ]
88 silly gunzTarPerm extractEntry ios-sim.xcodeproj/xcshareddata/xcschemes/ios-sim.xcscheme
89 silly gunzTarPerm modified mode [ 'ios-sim.xcodeproj/xcshareddata/xcschemes/ios-sim.xcscheme',
89 silly gunzTarPerm   420,
89 silly gunzTarPerm   438 ]
90 silly gunzTarPerm extractEntry ios-sim_Prefix.pch
91 silly gunzTarPerm modified mode [ 'ios-sim_Prefix.pch', 420, 438 ]
92 silly gunzTarPerm extractEntry DVTiPhoneSimulatorRemoteClient/DVTiPhoneSimulatorRemoteClient.h
93 silly gunzTarPerm modified mode [ 'DVTiPhoneSimulatorRemoteClient/DVTiPhoneSimulatorRemoteClient.h',
93 silly gunzTarPerm   420,
93 silly gunzTarPerm   438 ]
94 silly gunzTarPerm extractEntry README.template.md
95 silly gunzTarPerm modified mode [ 'README.template.md', 420, 438 ]
96 info preinstall ios-sim@3.1.1
97 verbose unsafe-perm in lifecycle true
98 info ios-sim@3.1.1 Failed to exec preinstall script
99 verbose unlock done using C:\Users\Prakash SV\AppData\Roaming\npm-cache\_locks\ios-sim-59af49b8f3ebd39b.lock for C:\Users\Prakash SV\AppData\Roaming\npm\node_modules\ios-sim
100 verbose stack Error: ios-sim@3.1.1 preinstall: `rake build`
100 verbose stack Exit status 1
100 verbose stack     at EventEmitter.<anonymous> (D:\Installs\nodejs\node_modules\npm\lib\utils\lifecycle.js:213:16)
100 verbose stack     at EventEmitter.emit (events.js:110:17)
100 verbose stack     at ChildProcess.<anonymous> (D:\Installs\nodejs\node_modules\npm\lib\utils\spawn.js:14:12)
100 verbose stack     at ChildProcess.emit (events.js:110:17)
100 verbose stack     at maybeClose (child_process.js:1015:16)
100 verbose stack     at Process.ChildProcess._handle.onexit (child_process.js:1087:5)
101 verbose pkgid ios-sim@3.1.1
102 verbose cwd d:\Office\Mobile\napp
103 error Windows_NT 6.3.9600
104 error argv "D:\\Installs\\nodejs\\\\node.exe" "D:\\Installs\\nodejs\\node_modules\\npm\\bin\\npm-cli.js" "install" "-g" "ios-sim"
105 error node v0.12.2
106 error npm  v2.7.4
107 error code ELIFECYCLE
108 error ios-sim@3.1.1 preinstall: `rake build`
108 error Exit status 1
109 error Failed at the ios-sim@3.1.1 preinstall script 'rake build'.
109 error This is most likely a problem with the ios-sim package,
109 error not with npm itself.
109 error Tell the author that this fails on your system:
109 error     rake build
109 error You can get their info via:
109 error     npm owner ls ios-sim
109 error There is likely additional logging output above.
110 verbose exit [ 1, true ]
111 verbose unbuild node_modules\ios-sim
112 info preuninstall ios-sim@3.1.1
113 info uninstall ios-sim@3.1.1
114 verbose unbuild rmStuff ios-sim@3.1.1 from C:\Users\Prakash SV\AppData\Roaming\npm\node_modules
115 silly gentlyRm C:\Users\Prakash SV\AppData\Roaming\npm\ios-sim.cmd is being gently removed
116 silly gentlyRm verifying C:\Users\Prakash SV\AppData\Roaming\npm is an npm working directory
117 silly gentlyRm containing path C:\Users\Prakash SV\AppData\Roaming\npm is under npm's control, in C:\Users\Prakash SV\AppData\Roaming\npm
118 silly gentlyRm deletion target C:\Users\Prakash SV\AppData\Roaming\npm\ios-sim.cmd is under C:\Users\Prakash SV\AppData\Roaming\npm
119 verbose gentlyRm vacuuming from C:\Users\Prakash SV\AppData\Roaming\npm\ios-sim.cmd up to C:\Users\Prakash SV\AppData\Roaming\npm
120 silly gentlyRm C:\Users\Prakash SV\AppData\Roaming\npm\ios-sim is being gently removed
121 silly gentlyRm verifying C:\Users\Prakash SV\AppData\Roaming\npm is an npm working directory
122 silly gentlyRm containing path C:\Users\Prakash SV\AppData\Roaming\npm is under npm's control, in C:\Users\Prakash SV\AppData\Roaming\npm
123 silly gentlyRm deletion target C:\Users\Prakash SV\AppData\Roaming\npm\ios-sim is under C:\Users\Prakash SV\AppData\Roaming\npm
124 verbose gentlyRm vacuuming from C:\Users\Prakash SV\AppData\Roaming\npm\ios-sim up to C:\Users\Prakash SV\AppData\Roaming\npm
125 info postuninstall ios-sim@3.1.1
126 silly gentlyRm C:\Users\Prakash SV\AppData\Roaming\npm\node_modules\ios-sim is being purged from base C:\Users\Prakash SV\AppData\Roaming\npm
127 verbose gentlyRm don't care about contents; nuking C:\Users\Prakash SV\AppData\Roaming\npm\node_modules\ios-sim
128 silly vacuum-fs purging C:\Users\Prakash SV\AppData\Roaming\npm\node_modules\ios-sim
129 silly vacuum-fs quitting because other entries in C:\Users\Prakash SV\AppData\Roaming\npm\node_modules
